\BOOKMARK [1][-]{section.1}{Introduction}{}
\BOOKMARK [2][-]{subsection.1.1}{Conventions}{section.1}
\BOOKMARK [3][-]{subsubsection.1.1.1}{Species}{subsection.1.1}
\BOOKMARK [3][-]{subsubsection.1.1.2}{R commands}{subsection.1.1}
\BOOKMARK [3][-]{subsubsection.1.1.3}{Vectors}{subsection.1.1}
\BOOKMARK [3][-]{subsubsection.1.1.4}{Lists}{subsection.1.1}
\BOOKMARK [3][-]{subsubsection.1.1.5}{Getting help}{subsection.1.1}
\BOOKMARK [1][-]{section.2}{Obtaining Spider }{}
\BOOKMARK [1][-]{section.3}{Loading data}{}
\BOOKMARK [2][-]{subsection.3.1}{Loading spider}{section.3}
\BOOKMARK [2][-]{subsection.3.2}{Bundled datasets}{section.3}
\BOOKMARK [2][-]{subsection.3.3}{Loading your own}{section.3}
\BOOKMARK [2][-]{subsection.3.4}{Getting sequences from GenBank}{section.3}
\BOOKMARK [2][-]{subsection.3.5}{Getting sequences from BOLD}{section.3}
\BOOKMARK [1][-]{section.4}{Species vectors}{}
\BOOKMARK [2][-]{subsection.4.1}{What they're all about}{section.4}
\BOOKMARK [2][-]{subsection.4.2}{Extracting the species vector from pre-named labels}{section.4}
\BOOKMARK [3][-]{subsubsection.4.2.1}{anoteropsis species vector}{subsection.4.2}
\BOOKMARK [3][-]{subsubsection.4.2.2}{dolomedes species vector}{subsection.4.2}
\BOOKMARK [3][-]{subsubsection.4.2.3}{collembola species vector}{subsection.4.2}
\BOOKMARK [3][-]{subsubsection.4.2.4}{weevils species vector}{subsection.4.2}
\BOOKMARK [2][-]{subsection.4.3}{Other useful functions for extracting names}{section.4}
\BOOKMARK [1][-]{section.5}{DNA barcoding}{}
\BOOKMARK [2][-]{subsection.5.1}{Summary statistics}{section.5}
\BOOKMARK [2][-]{subsection.5.2}{Distance measures of identification success}{section.5}
\BOOKMARK [3][-]{subsubsection.5.2.1}{Nearest neighbour}{subsection.5.2}
\BOOKMARK [3][-]{subsubsection.5.2.2}{BOLD identification criteria}{subsection.5.2}
\BOOKMARK [3][-]{subsubsection.5.2.3}{Meier's best match}{subsection.5.2}
\BOOKMARK [3][-]{subsubsection.5.2.4}{Threshold optimisation}{subsection.5.2}
\BOOKMARK [3][-]{subsubsection.5.2.5}{The barcoding gap}{subsection.5.2}
\BOOKMARK [2][-]{subsection.5.3}{Tree-based measures}{section.5}
\BOOKMARK [3][-]{subsubsection.5.3.1}{Species monophyly}{subsection.5.3}
\BOOKMARK [3][-]{subsubsection.5.3.2}{Bootstrap monophyly}{subsection.5.3}
\BOOKMARK [3][-]{subsubsection.5.3.3}{Rosenberg's probability of reciprocal monophyly}{subsection.5.3}
\BOOKMARK [2][-]{subsection.5.4}{Singletons}{section.5}
\BOOKMARK [1][-]{section.6}{Sliding windows}{}
\BOOKMARK [2][-]{subsection.6.1}{The basic idea}{section.6}
\BOOKMARK [2][-]{subsection.6.2}{Conducting analyses}{section.6}
\BOOKMARK [2][-]{subsection.6.3}{The magic of slideAnalyses}{section.6}
\BOOKMARK [2][-]{subsection.6.4}{Plots of boxes}{section.6}
\BOOKMARK [1][-]{section.7}{Conclusion}{}
